<?xml version="1.0" encoding="UTF-8"?>
<testsuite xmlns:xsi="http://www.w3.org/2001/XMLSchema-instance" xsi:noNamespaceSchemaLocation="https://maven.apache.org/surefire/maven-surefire-plugin/xsd/surefire-test-report.xsd" name="top.rregio.mybooks.AppTest" time="0.012" tests="1" errors="0" skipped="0" failures="0">
  <properties>
    <property name="awt.toolkit" value="sun.awt.X11.XToolkit"/>
    <property name="file.encoding.pkg" value="sun.io"/>
    <property name="java.specification.version" value="1.8"/>
    <property name="sun.cpu.isalist" value=""/>
    <property name="sun.jnu.encoding" value="UTF-8"/>
    <property name="java.class.path" value="/home/rodrigo/MyBooks/my-app/target/test-classes:/home/rodrigo/MyBooks/my-app/target/classes:/home/rodrigo/.m2/repository/junit/junit/4.11/junit-4.11.jar:/home/rodrigo/.m2/repository/org/hamcrest/hamcrest-core/1.3/hamcrest-core-1.3.jar:/home/rodrigo/.m2/repository/io/javalin/javalin/4.5.0.RC0/javalin-4.5.0.RC0.jar:/home/rodrigo/.m2/repository/org/eclipse/jetty/jetty-server/9.4.45.v20220203/jetty-server-9.4.45.v20220203.jar:/home/rodrigo/.m2/repository/javax/servlet/javax.servlet-api/3.1.0/javax.servlet-api-3.1.0.jar:/home/rodrigo/.m2/repository/org/eclipse/jetty/jetty-http/9.4.45.v20220203/jetty-http-9.4.45.v20220203.jar:/home/rodrigo/.m2/repository/org/eclipse/jetty/jetty-util/9.4.45.v20220203/jetty-util-9.4.45.v20220203.jar:/home/rodrigo/.m2/repository/org/eclipse/jetty/jetty-io/9.4.45.v20220203/jetty-io-9.4.45.v20220203.jar:/home/rodrigo/.m2/repository/org/eclipse/jetty/jetty-webapp/9.4.45.v20220203/jetty-webapp-9.4.45.v20220203.jar:/home/rodrigo/.m2/repository/org/eclipse/jetty/jetty-xml/9.4.45.v20220203/jetty-xml-9.4.45.v20220203.jar:/home/rodrigo/.m2/repository/org/eclipse/jetty/jetty-servlet/9.4.45.v20220203/jetty-servlet-9.4.45.v20220203.jar:/home/rodrigo/.m2/repository/org/eclipse/jetty/jetty-security/9.4.45.v20220203/jetty-security-9.4.45.v20220203.jar:/home/rodrigo/.m2/repository/org/eclipse/jetty/jetty-util-ajax/9.4.45.v20220203/jetty-util-ajax-9.4.45.v20220203.jar:/home/rodrigo/.m2/repository/org/eclipse/jetty/websocket/websocket-server/9.4.45.v20220203/websocket-server-9.4.45.v20220203.jar:/home/rodrigo/.m2/repository/org/eclipse/jetty/websocket/websocket-common/9.4.45.v20220203/websocket-common-9.4.45.v20220203.jar:/home/rodrigo/.m2/repository/org/eclipse/jetty/websocket/websocket-api/9.4.45.v20220203/websocket-api-9.4.45.v20220203.jar:/home/rodrigo/.m2/repository/org/eclipse/jetty/websocket/websocket-client/9.4.45.v20220203/websocket-client-9.4.45.v20220203.jar:/home/rodrigo/.m2/repository/org/eclipse/jetty/jetty-client/9.4.45.v20220203/jetty-client-9.4.45.v20220203.jar:/home/rodrigo/.m2/repository/org/eclipse/jetty/websocket/websocket-servlet/9.4.45.v20220203/websocket-servlet-9.4.45.v20220203.jar:/home/rodrigo/.m2/repository/org/jetbrains/kotlin/kotlin-stdlib-jdk8/1.5.32/kotlin-stdlib-jdk8-1.5.32.jar:/home/rodrigo/.m2/repository/org/jetbrains/kotlin/kotlin-stdlib/1.5.32/kotlin-stdlib-1.5.32.jar:/home/rodrigo/.m2/repository/org/jetbrains/annotations/13.0/annotations-13.0.jar:/home/rodrigo/.m2/repository/org/jetbrains/kotlin/kotlin-stdlib-common/1.5.32/kotlin-stdlib-common-1.5.32.jar:/home/rodrigo/.m2/repository/org/jetbrains/kotlin/kotlin-stdlib-jdk7/1.5.32/kotlin-stdlib-jdk7-1.5.32.jar:/home/rodrigo/.m2/repository/io/ebean/ebean/13.3.1/ebean-13.3.1.jar:/home/rodrigo/.m2/repository/io/ebean/ebean-api/13.3.1/ebean-api-13.3.1.jar:/home/rodrigo/.m2/repository/io/avaje/avaje-config/1.7/avaje-config-1.7.jar:/home/rodrigo/.m2/repository/io/avaje/avaje-lang/1.0/avaje-lang-1.0.jar:/home/rodrigo/.m2/repository/io/ebean/persistence-api/2.2.5/persistence-api-2.2.5.jar:/home/rodrigo/.m2/repository/io/ebean/ebean-annotation/8.0/ebean-annotation-8.0.jar:/home/rodrigo/.m2/repository/io/ebean/ebean-types/2.2/ebean-types-2.2.jar:/home/rodrigo/.m2/repository/io/ebean/ebean-datasource-api/7.5/ebean-datasource-api-7.5.jar:/home/rodrigo/.m2/repository/io/ebean/ebean-core/13.3.1/ebean-core-13.3.1.jar:/home/rodrigo/.m2/repository/io/ebean/ebean-ddl-runner/1.3/ebean-ddl-runner-1.3.jar:/home/rodrigo/.m2/repository/io/avaje/classpath-scanner/6.2/classpath-scanner-6.2.jar:/home/rodrigo/.m2/repository/io/avaje/classpath-scanner-api/6.2/classpath-scanner-api-6.2.jar:/home/rodrigo/.m2/repository/io/ebean/ebean-migration-auto/1.2/ebean-migration-auto-1.2.jar:/home/rodrigo/.m2/repository/io/ebean/ebean-core-type/13.3.1/ebean-core-type-13.3.1.jar:/home/rodrigo/.m2/repository/io/ebean/ebean-externalmapping-api/13.3.1/ebean-externalmapping-api-13.3.1.jar:/home/rodrigo/.m2/repository/org/antlr/antlr4-runtime/4.8-1/antlr4-runtime-4.8-1.jar:/home/rodrigo/.m2/repository/io/ebean/ebean-datasource/7.5/ebean-datasource-7.5.jar:/home/rodrigo/.m2/repository/io/ebean/ebean-querybean/13.3.1/ebean-querybean-13.3.1.jar:/home/rodrigo/.m2/repository/io/ebean/ebean-platform-all/13.3.1/ebean-platform-all-13.3.1.jar:/home/rodrigo/.m2/repository/io/ebean/ebean-platform-clickhouse/13.3.1/ebean-platform-clickhouse-13.3.1.jar:/home/rodrigo/.m2/repository/io/ebean/ebean-platform-db2/13.3.1/ebean-platform-db2-13.3.1.jar:/home/rodrigo/.m2/repository/io/ebean/ebean-platform-hana/13.3.1/ebean-platform-hana-13.3.1.jar:/home/rodrigo/.m2/repository/io/ebean/ebean-platform-hsqldb/13.3.1/ebean-platform-hsqldb-13.3.1.jar:/home/rodrigo/.m2/repository/io/ebean/ebean-platform-mysql/13.3.1/ebean-platform-mysql-13.3.1.jar:/home/rodrigo/.m2/repository/io/ebean/ebean-platform-mariadb/13.3.1/ebean-platform-mariadb-13.3.1.jar:/home/rodrigo/.m2/repository/io/ebean/ebean-platform-nuodb/13.3.1/ebean-platform-nuodb-13.3.1.jar:/home/rodrigo/.m2/repository/io/ebean/ebean-platform-oracle/13.3.1/ebean-platform-oracle-13.3.1.jar:/home/rodrigo/.m2/repository/io/ebean/ebean-platform-postgres/13.3.1/ebean-platform-postgres-13.3.1.jar:/home/rodrigo/.m2/repository/io/ebean/ebean-platform-sqlanywhere/13.3.1/ebean-platform-sqlanywhere-13.3.1.jar:/home/rodrigo/.m2/repository/io/ebean/ebean-platform-sqlite/13.3.1/ebean-platform-sqlite-13.3.1.jar:/home/rodrigo/.m2/repository/io/ebean/ebean-platform-sqlserver/13.3.1/ebean-platform-sqlserver-13.3.1.jar:/home/rodrigo/.m2/repository/org/slf4j/slf4j-simple/1.8.0-beta4/slf4j-simple-1.8.0-beta4.jar:/home/rodrigo/.m2/repository/io/ebean/ebean-test/13.3.1/ebean-test-13.3.1.jar:/home/rodrigo/.m2/repository/io/ebean/ebean-platform-h2/13.3.1/ebean-platform-h2-13.3.1.jar:/home/rodrigo/.m2/repository/io/ebean/ebean-ddl-generator/13.3.1/ebean-ddl-generator-13.3.1.jar:/home/rodrigo/.m2/repository/io/ebean/ebean-migration/13.0.0/ebean-migration-13.0.0.jar:/home/rodrigo/.m2/repository/io/ebean/ebean-test-docker/4.6/ebean-test-docker-4.6.jar:/home/rodrigo/.m2/repository/org/assertj/assertj-core/3.22.0/assertj-core-3.22.0.jar:/home/rodrigo/.m2/repository/org/glassfish/jaxb/jaxb-runtime/2.3.6/jaxb-runtime-2.3.6.jar:/home/rodrigo/.m2/repository/jakarta/xml/bind/jakarta.xml.bind-api/2.3.3/jakarta.xml.bind-api-2.3.3.jar:/home/rodrigo/.m2/repository/org/glassfish/jaxb/txw2/2.3.6/txw2-2.3.6.jar:/home/rodrigo/.m2/repository/com/sun/istack/istack-commons-runtime/3.0.12/istack-commons-runtime-3.0.12.jar:/home/rodrigo/.m2/repository/com/sun/activation/jakarta.activation/1.2.2/jakarta.activation-1.2.2.jar:/home/rodrigo/.m2/repository/com/h2database/h2/2.1.212/h2-2.1.212.jar:/home/rodrigo/.m2/repository/org/slf4j/slf4j-api/1.8.0-beta4/slf4j-api-1.8.0-beta4.jar:/home/rodrigo/.m2/repository/joda-time/joda-time/2.10.14/joda-time-2.10.14.jar:"/>
    <property name="java.vm.vendor" value="Private Build"/>
    <property name="sun.arch.data.model" value="64"/>
    <property name="java.vendor.url" value="http://java.oracle.com/"/>
    <property name="user.timezone" value=""/>
    <property name="java.vm.specification.version" value="1.8"/>
    <property name="os.name" value="Linux"/>
    <property name="sun.java.launcher" value="SUN_STANDARD"/>
    <property name="user.country" value="BR"/>
    <property name="sun.boot.library.path" value="/usr/lib/jvm/java-8-openjdk-amd64/jre/lib/amd64"/>
    <property name="sun.java.command" value="/home/rodrigo/MyBooks/my-app/target/surefire/surefirebooter8140816910581277097.jar /home/rodrigo/MyBooks/my-app/target/surefire 2022-04-20T22-49-33_601-jvmRun1 surefire5124199046691749626tmp surefire_02477594327964432186tmp"/>
    <property name="surefire.test.class.path" value="/home/rodrigo/MyBooks/my-app/target/test-classes:/home/rodrigo/MyBooks/my-app/target/classes:/home/rodrigo/.m2/repository/junit/junit/4.11/junit-4.11.jar:/home/rodrigo/.m2/repository/org/hamcrest/hamcrest-core/1.3/hamcrest-core-1.3.jar:/home/rodrigo/.m2/repository/io/javalin/javalin/4.5.0.RC0/javalin-4.5.0.RC0.jar:/home/rodrigo/.m2/repository/org/eclipse/jetty/jetty-server/9.4.45.v20220203/jetty-server-9.4.45.v20220203.jar:/home/rodrigo/.m2/repository/javax/servlet/javax.servlet-api/3.1.0/javax.servlet-api-3.1.0.jar:/home/rodrigo/.m2/repository/org/eclipse/jetty/jetty-http/9.4.45.v20220203/jetty-http-9.4.45.v20220203.jar:/home/rodrigo/.m2/repository/org/eclipse/jetty/jetty-util/9.4.45.v20220203/jetty-util-9.4.45.v20220203.jar:/home/rodrigo/.m2/repository/org/eclipse/jetty/jetty-io/9.4.45.v20220203/jetty-io-9.4.45.v20220203.jar:/home/rodrigo/.m2/repository/org/eclipse/jetty/jetty-webapp/9.4.45.v20220203/jetty-webapp-9.4.45.v20220203.jar:/home/rodrigo/.m2/repository/org/eclipse/jetty/jetty-xml/9.4.45.v20220203/jetty-xml-9.4.45.v20220203.jar:/home/rodrigo/.m2/repository/org/eclipse/jetty/jetty-servlet/9.4.45.v20220203/jetty-servlet-9.4.45.v20220203.jar:/home/rodrigo/.m2/repository/org/eclipse/jetty/jetty-security/9.4.45.v20220203/jetty-security-9.4.45.v20220203.jar:/home/rodrigo/.m2/repository/org/eclipse/jetty/jetty-util-ajax/9.4.45.v20220203/jetty-util-ajax-9.4.45.v20220203.jar:/home/rodrigo/.m2/repository/org/eclipse/jetty/websocket/websocket-server/9.4.45.v20220203/websocket-server-9.4.45.v20220203.jar:/home/rodrigo/.m2/repository/org/eclipse/jetty/websocket/websocket-common/9.4.45.v20220203/websocket-common-9.4.45.v20220203.jar:/home/rodrigo/.m2/repository/org/eclipse/jetty/websocket/websocket-api/9.4.45.v20220203/websocket-api-9.4.45.v20220203.jar:/home/rodrigo/.m2/repository/org/eclipse/jetty/websocket/websocket-client/9.4.45.v20220203/websocket-client-9.4.45.v20220203.jar:/home/rodrigo/.m2/repository/org/eclipse/jetty/jetty-client/9.4.45.v20220203/jetty-client-9.4.45.v20220203.jar:/home/rodrigo/.m2/repository/org/eclipse/jetty/websocket/websocket-servlet/9.4.45.v20220203/websocket-servlet-9.4.45.v20220203.jar:/home/rodrigo/.m2/repository/org/jetbrains/kotlin/kotlin-stdlib-jdk8/1.5.32/kotlin-stdlib-jdk8-1.5.32.jar:/home/rodrigo/.m2/repository/org/jetbrains/kotlin/kotlin-stdlib/1.5.32/kotlin-stdlib-1.5.32.jar:/home/rodrigo/.m2/repository/org/jetbrains/annotations/13.0/annotations-13.0.jar:/home/rodrigo/.m2/repository/org/jetbrains/kotlin/kotlin-stdlib-common/1.5.32/kotlin-stdlib-common-1.5.32.jar:/home/rodrigo/.m2/repository/org/jetbrains/kotlin/kotlin-stdlib-jdk7/1.5.32/kotlin-stdlib-jdk7-1.5.32.jar:/home/rodrigo/.m2/repository/io/ebean/ebean/13.3.1/ebean-13.3.1.jar:/home/rodrigo/.m2/repository/io/ebean/ebean-api/13.3.1/ebean-api-13.3.1.jar:/home/rodrigo/.m2/repository/io/avaje/avaje-config/1.7/avaje-config-1.7.jar:/home/rodrigo/.m2/repository/io/avaje/avaje-lang/1.0/avaje-lang-1.0.jar:/home/rodrigo/.m2/repository/io/ebean/persistence-api/2.2.5/persistence-api-2.2.5.jar:/home/rodrigo/.m2/repository/io/ebean/ebean-annotation/8.0/ebean-annotation-8.0.jar:/home/rodrigo/.m2/repository/io/ebean/ebean-types/2.2/ebean-types-2.2.jar:/home/rodrigo/.m2/repository/io/ebean/ebean-datasource-api/7.5/ebean-datasource-api-7.5.jar:/home/rodrigo/.m2/repository/io/ebean/ebean-core/13.3.1/ebean-core-13.3.1.jar:/home/rodrigo/.m2/repository/io/ebean/ebean-ddl-runner/1.3/ebean-ddl-runner-1.3.jar:/home/rodrigo/.m2/repository/io/avaje/classpath-scanner/6.2/classpath-scanner-6.2.jar:/home/rodrigo/.m2/repository/io/avaje/classpath-scanner-api/6.2/classpath-scanner-api-6.2.jar:/home/rodrigo/.m2/repository/io/ebean/ebean-migration-auto/1.2/ebean-migration-auto-1.2.jar:/home/rodrigo/.m2/repository/io/ebean/ebean-core-type/13.3.1/ebean-core-type-13.3.1.jar:/home/rodrigo/.m2/repository/io/ebean/ebean-externalmapping-api/13.3.1/ebean-externalmapping-api-13.3.1.jar:/home/rodrigo/.m2/repository/org/antlr/antlr4-runtime/4.8-1/antlr4-runtime-4.8-1.jar:/home/rodrigo/.m2/repository/io/ebean/ebean-datasource/7.5/ebean-datasource-7.5.jar:/home/rodrigo/.m2/repository/io/ebean/ebean-querybean/13.3.1/ebean-querybean-13.3.1.jar:/home/rodrigo/.m2/repository/io/ebean/ebean-platform-all/13.3.1/ebean-platform-all-13.3.1.jar:/home/rodrigo/.m2/repository/io/ebean/ebean-platform-clickhouse/13.3.1/ebean-platform-clickhouse-13.3.1.jar:/home/rodrigo/.m2/repository/io/ebean/ebean-platform-db2/13.3.1/ebean-platform-db2-13.3.1.jar:/home/rodrigo/.m2/repository/io/ebean/ebean-platform-hana/13.3.1/ebean-platform-hana-13.3.1.jar:/home/rodrigo/.m2/repository/io/ebean/ebean-platform-hsqldb/13.3.1/ebean-platform-hsqldb-13.3.1.jar:/home/rodrigo/.m2/repository/io/ebean/ebean-platform-mysql/13.3.1/ebean-platform-mysql-13.3.1.jar:/home/rodrigo/.m2/repository/io/ebean/ebean-platform-mariadb/13.3.1/ebean-platform-mariadb-13.3.1.jar:/home/rodrigo/.m2/repository/io/ebean/ebean-platform-nuodb/13.3.1/ebean-platform-nuodb-13.3.1.jar:/home/rodrigo/.m2/repository/io/ebean/ebean-platform-oracle/13.3.1/ebean-platform-oracle-13.3.1.jar:/home/rodrigo/.m2/repository/io/ebean/ebean-platform-postgres/13.3.1/ebean-platform-postgres-13.3.1.jar:/home/rodrigo/.m2/repository/io/ebean/ebean-platform-sqlanywhere/13.3.1/ebean-platform-sqlanywhere-13.3.1.jar:/home/rodrigo/.m2/repository/io/ebean/ebean-platform-sqlite/13.3.1/ebean-platform-sqlite-13.3.1.jar:/home/rodrigo/.m2/repository/io/ebean/ebean-platform-sqlserver/13.3.1/ebean-platform-sqlserver-13.3.1.jar:/home/rodrigo/.m2/repository/org/slf4j/slf4j-simple/1.8.0-beta4/slf4j-simple-1.8.0-beta4.jar:/home/rodrigo/.m2/repository/io/ebean/ebean-test/13.3.1/ebean-test-13.3.1.jar:/home/rodrigo/.m2/repository/io/ebean/ebean-platform-h2/13.3.1/ebean-platform-h2-13.3.1.jar:/home/rodrigo/.m2/repository/io/ebean/ebean-ddl-generator/13.3.1/ebean-ddl-generator-13.3.1.jar:/home/rodrigo/.m2/repository/io/ebean/ebean-migration/13.0.0/ebean-migration-13.0.0.jar:/home/rodrigo/.m2/repository/io/ebean/ebean-test-docker/4.6/ebean-test-docker-4.6.jar:/home/rodrigo/.m2/repository/org/assertj/assertj-core/3.22.0/assertj-core-3.22.0.jar:/home/rodrigo/.m2/repository/org/glassfish/jaxb/jaxb-runtime/2.3.6/jaxb-runtime-2.3.6.jar:/home/rodrigo/.m2/repository/jakarta/xml/bind/jakarta.xml.bind-api/2.3.3/jakarta.xml.bind-api-2.3.3.jar:/home/rodrigo/.m2/repository/org/glassfish/jaxb/txw2/2.3.6/txw2-2.3.6.jar:/home/rodrigo/.m2/repository/com/sun/istack/istack-commons-runtime/3.0.12/istack-commons-runtime-3.0.12.jar:/home/rodrigo/.m2/repository/com/sun/activation/jakarta.activation/1.2.2/jakarta.activation-1.2.2.jar:/home/rodrigo/.m2/repository/com/h2database/h2/2.1.212/h2-2.1.212.jar:/home/rodrigo/.m2/repository/org/slf4j/slf4j-api/1.8.0-beta4/slf4j-api-1.8.0-beta4.jar:/home/rodrigo/.m2/repository/joda-time/joda-time/2.10.14/joda-time-2.10.14.jar:"/>
    <property name="sun.cpu.endian" value="little"/>
    <property name="user.home" value="/home/rodrigo"/>
    <property name="user.language" value="pt"/>
    <property name="java.specification.vendor" value="Oracle Corporation"/>
    <property name="java.home" value="/usr/lib/jvm/java-8-openjdk-amd64/jre"/>
    <property name="basedir" value="/home/rodrigo/MyBooks/my-app"/>
    <property name="file.separator" value="/"/>
    <property name="line.separator" value="&#10;"/>
    <property name="java.vm.specification.vendor" value="Oracle Corporation"/>
    <property name="java.specification.name" value="Java Platform API Specification"/>
    <property name="java.awt.graphicsenv" value="sun.awt.X11GraphicsEnvironment"/>
    <property name="surefire.real.class.path" value="/home/rodrigo/MyBooks/my-app/target/surefire/surefirebooter8140816910581277097.jar"/>
    <property name="sun.boot.class.path" value="/usr/lib/jvm/java-8-openjdk-amd64/jre/lib/resources.jar:/usr/lib/jvm/java-8-openjdk-amd64/jre/lib/rt.jar:/usr/lib/jvm/java-8-openjdk-amd64/jre/lib/sunrsasign.jar:/usr/lib/jvm/java-8-openjdk-amd64/jre/lib/jsse.jar:/usr/lib/jvm/java-8-openjdk-amd64/jre/lib/jce.jar:/usr/lib/jvm/java-8-openjdk-amd64/jre/lib/charsets.jar:/usr/lib/jvm/java-8-openjdk-amd64/jre/lib/jfr.jar:/usr/lib/jvm/java-8-openjdk-amd64/jre/classes"/>
    <property name="sun.management.compiler" value="HotSpot 64-Bit Tiered Compilers"/>
    <property name="java.runtime.version" value="1.8.0_312-8u312-b07-0ubuntu1~21.10-b07"/>
    <property name="user.name" value="rodrigo"/>
    <property name="path.separator" value=":"/>
    <property name="os.version" value="5.13.0-39-generic"/>
    <property name="java.endorsed.dirs" value="/usr/lib/jvm/java-8-openjdk-amd64/jre/lib/endorsed"/>
    <property name="java.runtime.name" value="OpenJDK Runtime Environment"/>
    <property name="file.encoding" value="UTF-8"/>
    <property name="java.vm.name" value="OpenJDK 64-Bit Server VM"/>
    <property name="maven.ext.class.path" value="/home/rodrigo/netbeans-12.6/netbeans/java/maven-nblib/netbeans-eventspy.jar"/>
    <property name="localRepository" value="/home/rodrigo/.m2/repository"/>
    <property name="java.vendor.url.bug" value="http://bugreport.sun.com/bugreport/"/>
    <property name="java.io.tmpdir" value="/tmp"/>
    <property name="java.version" value="1.8.0_312"/>
    <property name="user.dir" value="/home/rodrigo/MyBooks/my-app"/>
    <property name="os.arch" value="amd64"/>
    <property name="java.vm.specification.name" value="Java Virtual Machine Specification"/>
    <property name="java.awt.printerjob" value="sun.print.PSPrinterJob"/>
    <property name="sun.os.patch.level" value="unknown"/>
    <property name="java.library.path" value="/usr/java/packages/lib/amd64:/usr/lib/x86_64-linux-gnu/jni:/lib/x86_64-linux-gnu:/usr/lib/x86_64-linux-gnu:/usr/lib/jni:/lib:/usr/lib"/>
    <property name="java.vm.info" value="mixed mode"/>
    <property name="java.vendor" value="Private Build"/>
    <property name="java.vm.version" value="25.312-b07"/>
    <property name="java.ext.dirs" value="/usr/lib/jvm/java-8-openjdk-amd64/jre/lib/ext:/usr/java/packages/lib/ext"/>
    <property name="sun.io.unicode.encoding" value="UnicodeLittle"/>
    <property name="java.class.version" value="52.0"/>
  </properties>
  <testcase name="shouldAnswerWithTrue" classname="top.rregio.mybooks.AppTest" time="0.001"/>
</testsuite>